2024-11-10 16:16:53,871 - INFO - Logging is enabled.
2024-11-10 16:16:53,871 - INFO - Opening URL: https://www.youtube.com/watch?v=tiREcHrtDLo
2024-11-10 16:16:58,096 - INFO - Scrolling to load comments...
2024-11-10 16:17:04,704 - INFO - All comments loaded.
2024-11-10 16:17:04,704 - INFO - Fetching page source.
2024-11-10 16:17:05,786 - INFO - Extracted 31 comments.
2024-11-10 16:17:07,969 - INFO - Driver closed.
2024-11-10 16:17:07,970 - INFO - ====== WebDriver manager ======
2024-11-10 16:17:09,193 - INFO - Get LATEST chromedriver version for google-chrome
2024-11-10 16:17:09,273 - INFO - Get LATEST chromedriver version for google-chrome
2024-11-10 16:17:09,342 - INFO - Driver [C:\Users\kanek\.wdm\drivers\chromedriver\win64\130.0.6723.116\chromedriver-win32/chromedriver.exe] found in cache
2024-11-10 16:17:10,648 - INFO - Logging is enabled.
2024-11-10 16:17:14,740 - INFO - Opening URL: https://www.youtube.com/watch?v=vqgucRK5K1A
2024-11-10 16:17:18,503 - INFO - Scrolling to load comments...
2024-11-10 16:17:29,063 - INFO - All comments loaded.
2024-11-10 16:17:29,063 - INFO - Fetching page source.
2024-11-10 16:17:30,824 - INFO - Extracted 64 comments.
2024-11-10 16:17:33,084 - INFO - Driver closed.
2024-11-10 16:17:33,084 - INFO - ====== WebDriver manager ======
2024-11-10 16:17:34,379 - INFO - Get LATEST chromedriver version for google-chrome
2024-11-10 16:17:34,480 - INFO - Get LATEST chromedriver version for google-chrome
2024-11-10 16:17:34,545 - INFO - Driver [C:\Users\kanek\.wdm\drivers\chromedriver\win64\130.0.6723.116\chromedriver-win32/chromedriver.exe] found in cache
2024-11-10 16:17:35,940 - INFO - Logging is enabled.
2024-11-10 16:17:40,006 - INFO - Opening URL: https://www.youtube.com/watch?v=mSO2hJln0OY&
2024-11-10 16:17:44,438 - INFO - Scrolling to load comments...
2024-11-10 16:17:53,391 - INFO - All comments loaded.
2024-11-10 16:17:53,391 - INFO - Fetching page source.
2024-11-10 16:17:54,981 - INFO - Extracted 47 comments.
2024-11-10 16:17:57,907 - INFO - Driver closed.
2024-11-10 16:17:57,907 - INFO - ====== WebDriver manager ======
2024-11-10 16:17:59,091 - INFO - Get LATEST chromedriver version for google-chrome
2024-11-10 16:17:59,150 - INFO - Get LATEST chromedriver version for google-chrome
2024-11-10 16:17:59,226 - INFO - Driver [C:\Users\kanek\.wdm\drivers\chromedriver\win64\130.0.6723.116\chromedriver-win32/chromedriver.exe] found in cache
2024-11-10 16:18:00,508 - INFO - Logging is enabled.
2024-11-10 16:18:04,570 - INFO - Opening URL: https://www.youtube.com/watch?v=smNnhEd26Ek
2024-11-10 16:18:08,225 - INFO - Scrolling to load comments...
2024-11-10 16:18:12,656 - INFO - All comments loaded.
2024-11-10 16:18:12,656 - INFO - Fetching page source.
2024-11-10 16:18:13,540 - INFO - Extracted 17 comments.
2024-11-10 16:18:15,742 - INFO - Driver closed.
2024-11-10 16:18:15,742 - INFO - ====== WebDriver manager ======
2024-11-10 16:18:16,862 - INFO - Get LATEST chromedriver version for google-chrome
2024-11-10 16:18:16,987 - INFO - Get LATEST chromedriver version for google-chrome
2024-11-10 16:18:17,046 - INFO - Driver [C:\Users\kanek\.wdm\drivers\chromedriver\win64\130.0.6723.116\chromedriver-win32/chromedriver.exe] found in cache
2024-11-10 16:18:18,400 - INFO - Logging is enabled.
2024-11-10 16:18:22,481 - INFO - Opening URL: https://www.youtube.com/watch?v=lcjq7-2zMSA
2024-11-10 16:18:25,873 - INFO - Scrolling to load comments...
2024-11-10 16:18:32,388 - INFO - All comments loaded.
2024-11-10 16:18:32,388 - INFO - Fetching page source.
2024-11-10 16:18:33,582 - INFO - Extracted 36 comments.
2024-11-10 16:18:35,774 - INFO - Driver closed.
